C:\Users\VenkataSiddhardha\AppData\Local\Programs\Python\Python312\Lib\site-packages\jwt\api_jwt.py:371: InsecureKeyLengthWarning: The HMAC key is 18 bytes long, which is below the minimum recommended length of 32 bytes for SHA256. See RFC 7518 Section 3.2.
  decoded = self.decode_complete(
[15/Jun/2026 12:19:00] "GET /api/bikes/ HTTP/1.1" 200 52
C:\Users\VenkataSiddhardha\AppData\Local\Programs\Python\Python312\Lib\site-packages\jwt\api_jwt.py:153: InsecureKeyLengthWarning: The HMAC key is 18 bytes long, which is below the minimum recommended length of 32 bytes for SHA256. See RFC 7518 Section 3.2.
  return self._jws.encode(
[15/Jun/2026 12:19:05] "POST /api/auth/login/ HTTP/1.1" 200 560
[15/Jun/2026 12:19:05] "POST /api/bikes/smart-search/ HTTP/1.1" 200 58
[15/Jun/2026 12:19:05,093] - Broken pipe from ('127.0.0.1', 54460)
[15/Jun/2026 12:19:08] "GET /api/bikes/ HTTP/1.1" 200 52
[15/Jun/2026 12:19:18] "GET /api/bikes/ HTTP/1.1" 200 52
[15/Jun/2026 12:20:15] "POST /api/auth/login/ HTTP/1.1" 200 560
[15/Jun/2026 12:20:15] "GET /api/bikes/ HTTP/1.1" 200 52
[15/Jun/2026 12:20:27] "POST /api/bikes/smart-search/ HTTP/1.1" 200 77
[15/Jun/2026 12:20:34] "GET /api/bikes/ HTTP/1.1" 200 52
[15/Jun/2026 12:23:33] "POST /api/bikes/ HTTP/1.1" 201 790
[15/Jun/2026 12:23:33] "GET /api/bikes/ HTTP/1.1" 200 842
[15/Jun/2026 12:23:42] "POST /api/bikes/smart-search/ HTTP/1.1" 200 867
[15/Jun/2026 12:23:56] "POST /api/bikes/smart-search/ HTTP/1.1" 200 867
[15/Jun/2026 12:23:56] "POST /api/bikes/smart-search/ HTTP/1.1" 200 867
[15/Jun/2026 12:23:57] "POST /api/bikes/smart-search/ HTTP/1.1" 200 867
[15/Jun/2026 12:23:58] "POST /api/bikes/smart-search/ HTTP/1.1" 200 867
[15/Jun/2026 12:23:58] "POST /api/bikes/smart-search/ HTTP/1.1" 200 867
[15/Jun/2026 12:23:59] "POST /api/bikes/smart-search/ HTTP/1.1" 200 867
[15/Jun/2026 12:24:14] "POST /api/bikes/smart-search/ HTTP/1.1" 200 867
[15/Jun/2026 12:24:14] "POST /api/bikes/smart-search/ HTTP/1.1" 200 859
[15/Jun/2026 12:24:20] "GET /api/bikes/ HTTP/1.1" 200 842
[15/Jun/2026 12:24:25] "POST /api/bikes/smart-search/ HTTP/1.1" 200 859
[15/Jun/2026 12:24:30] "GET /api/bikes/ HTTP/1.1" 200 842
[15/Jun/2026 12:24:58] "GET /api/bikes/ HTTP/1.1" 200 842
[15/Jun/2026 12:25:14] "POST /api/bikes/smart-search/ HTTP/1.1" 200 59
[15/Jun/2026 12:25:21] "GET /api/bikes/?search=buyer%20Sidu HTTP/1.1" 200 52
[15/Jun/2026 12:25:21] "GET /api/bikes/?search=buyer%20Siddu HTTP/1.1" 200 52
[15/Jun/2026 12:25:22] "POST /api/bikes/smart-search/ HTTP/1.1" 200 849
[15/Jun/2026 12:25:26] "GET /api/bikes/?search=buyer%20 HTTP/1.1" 200 52
[15/Jun/2026 12:25:29] "GET /api/bikes/?search=buyer%20rav HTTP/1.1" 200 52
[15/Jun/2026 12:25:29] "GET /api/bikes/?search=buyer%20ravi HTTP/1.1" 200 52
[15/Jun/2026 12:25:30] "POST /api/bikes/smart-search/ HTTP/1.1" 200 58
[15/Jun/2026 12:25:33] "GET /api/bikes/?search=buyer%20avi HTTP/1.1" 200 52
[15/Jun/2026 12:25:34] "GET /api/bikes/?search=buyer%20Ravi HTTP/1.1" 200 52
[15/Jun/2026 12:25:40] "GET /api/bikes/?search=r%20Ravi HTTP/1.1" 200 52
[15/Jun/2026 12:25:41] "GET /api/bikes/?search=r%2B%20Ravi HTTP/1.1" 200 52
[15/Jun/2026 12:25:42] "GET /api/bikes/?search=r%2Bse%20Ravi HTTP/1.1" 200 52
[15/Jun/2026 12:25:43] "GET /api/bikes/?search=r%2Bsell%20Ravi HTTP/1.1" 200 52
[15/Jun/2026 12:25:43] "GET /api/bikes/?search=r%2Bselle%20Ravi HTTP/1.1" 200 52
[15/Jun/2026 12:25:43] "GET /api/bikes/?search=r%2Bseller%20Ravi HTTP/1.1" 200 52
[15/Jun/2026 12:25:46] "GET /api/bikes/?search=seller%20Ravi HTTP/1.1" 200 52
[15/Jun/2026 12:25:47] "POST /api/bikes/smart-search/ HTTP/1.1" 200 849
[15/Jun/2026 12:25:54] "POST /api/bikes/smart-search/ HTTP/1.1" 200 849
[15/Jun/2026 12:25:54] "POST /api/bikes/smart-search/ HTTP/1.1" 200 59
[15/Jun/2026 12:26:01] "POST /api/bikes/smart-search/ HTTP/1.1" 200 59
[15/Jun/2026 12:26:02] "POST /api/bikes/smart-search/ HTTP/1.1" 200 59
[15/Jun/2026 12:26:05] "GET /api/bikes/?search=buyer%20Sidu HTTP/1.1" 200 52
[15/Jun/2026 12:26:06] "GET /api/bikes/?search=buyer%20Siddu HTTP/1.1" 200 52
[15/Jun/2026 12:26:07] "POST /api/bikes/smart-search/ HTTP/1.1" 200 849
[15/Jun/2026 12:27:09] "POST /api/bikes/ HTTP/1.1" 201 784
[15/Jun/2026 12:27:09] "GET /api/bikes/ HTTP/1.1" 200 1627
[15/Jun/2026 12:27:21] "POST /api/bikes/smart-search/ HTTP/1.1" 200 1652
[15/Jun/2026 12:27:25] "GET /api/bikes/ HTTP/1.1" 200 1627
[15/Jun/2026 12:27:31] "POST /api/bikes/smart-search/ HTTP/1.1" 200 844
[15/Jun/2026 12:27:39] "POST /api/bikes/smart-search/ HTTP/1.1" 200 844
[15/Jun/2026 12:27:40] "POST /api/bikes/smart-search/ HTTP/1.1" 200 845
[15/Jun/2026 12:27:46] "POST /api/bikes/smart-search/ HTTP/1.1" 200 845
[15/Jun/2026 12:27:46] "POST /api/bikes/smart-search/ HTTP/1.1" 200 59
[15/Jun/2026 12:27:50] "POST /api/bikes/smart-search/ HTTP/1.1" 200 59
[15/Jun/2026 12:27:50] "POST /api/bikes/smart-search/ HTTP/1.1" 200 849
[15/Jun/2026 12:27:58] "GET /api/bikes/ HTTP/1.1" 200 1627
[15/Jun/2026 12:28:20] "GET /api/bikes/ HTTP/1.1" 200 1627
[15/Jun/2026 12:34:02] "GET /api/bikes/ HTTP/1.1" 200 1627
[15/Jun/2026 12:34:29] "DELETE /api/bikes/3/ HTTP/1.1" 204 0
[15/Jun/2026 12:34:29] "GET /api/bikes/ HTTP/1.1" 200 842
[15/Jun/2026 12:34:32] "DELETE /api/bikes/2/ HTTP/1.1" 204 0
[15/Jun/2026 12:34:32] "GET /api/bikes/ HTTP/1.1" 200 52
[15/Jun/2026 12:37:37] "GET /api/bikes/ HTTP/1.1" 200 52
[15/Jun/2026 12:37:39] "GET /api/bikes/ HTTP/1.1" 200 52
[15/Jun/2026 12:37:43] "GET /api/bikes/ HTTP/1.1" 200 52
[15/Jun/2026 12:37:48] "GET /api/bikes/ HTTP/1.1" 200 52
[15/Jun/2026 12:37:54] "GET /api/bikes/ HTTP/1.1" 200 52
[15/Jun/2026 12:38:08] "GET /api/bikes/ HTTP/1.1" 200 52
[15/Jun/2026 12:38:09] "GET /api/bikes/ HTTP/1.1" 200 52
[15/Jun/2026 12:38:11] "GET /api/bikes/ HTTP/1.1" 200 52
[15/Jun/2026 12:38:17] "GET /api/bikes/ HTTP/1.1" 200 52
[15/Jun/2026 12:38:21] "GET /api/bikes/ HTTP/1.1" 200 52
[15/Jun/2026 12:38:30] "GET /api/bikes/ HTTP/1.1" 200 52
[15/Jun/2026 12:38:44] "GET /api/bikes/ HTTP/1.1" 200 52
[15/Jun/2026 12:40:11] "GET /api/bikes/ HTTP/1.1" 200 52
[15/Jun/2026 12:44:49] "POST /api/bikes/ HTTP/1.1" 201 785
[15/Jun/2026 12:44:50] "GET /api/bikes/ HTTP/1.1" 200 837
[15/Jun/2026 12:44:53] "GET /api/bikes/4/image/rc_photo/ HTTP/1.1" 200 171988
[15/Jun/2026 12:44:55] "GET /api/bikes/4/image/insurance_photo/ HTTP/1.1" 200 252297
[15/Jun/2026 12:44:58] "GET /api/bikes/4/image/pollution_photo/ HTTP/1.1" 200 43268
[15/Jun/2026 12:44:59] "GET /api/bikes/4/image/buyer_photo/ HTTP/1.1" 200 252297
[15/Jun/2026 12:45:01] "GET /api/bikes/4/image/seller_photo/ HTTP/1.1" 200 252297
[15/Jun/2026 12:45:03] "GET /api/bikes/4/image/insurance_photo/ HTTP/1.1" 200 252297
[15/Jun/2026 12:46:04] "GET /api/bikes/4/image/rc_photo/ HTTP/1.1" 200 171988
[15/Jun/2026 12:46:19] "GET /api/bikes/4/image/insurance_photo/ HTTP/1.1" 200 252297
[15/Jun/2026 12:46:21] "GET /api/bikes/4/image/buyer_photo/ HTTP/1.1" 200 252297
[15/Jun/2026 12:46:23] "GET /api/bikes/4/image/seller_photo/ HTTP/1.1" 200 252297
[15/Jun/2026 12:47:05] "GET /api/bikes/4/ HTTP/1.1" 200 785
[15/Jun/2026 12:47:05] "GET /api/bikes/4/ HTTP/1.1" 200 785
[15/Jun/2026 12:49:29] "GET /api/bikes/ HTTP/1.1" 200 837
[15/Jun/2026 12:49:39] "GET /api/bikes/ HTTP/1.1" 200 837
Unauthorized: /api/bikes/4/
[15/Jun/2026 12:51:13] "GET /api/bikes/4/ HTTP/1.1" 401 183
Unauthorized: /api/bikes/4/
[15/Jun/2026 12:51:13] "GET /api/bikes/4/ HTTP/1.1" 401 183
[15/Jun/2026 12:51:13] "POST /api/auth/refresh/ HTTP/1.1" 200 483
Unauthorized: /api/auth/refresh/
[15/Jun/2026 12:51:13] "POST /api/auth/refresh/ HTTP/1.1" 401 58
[15/Jun/2026 12:51:13] "GET /api/bikes/4/ HTTP/1.1" 200 785
[15/Jun/2026 12:51:30] "POST /api/auth/login/ HTTP/1.1" 200 560
[15/Jun/2026 12:51:30] "GET /api/bikes/ HTTP/1.1" 200 837
[15/Jun/2026 12:51:34] "GET /api/bikes/4/ HTTP/1.1" 200 785
[15/Jun/2026 12:51:34] "GET /api/bikes/4/ HTTP/1.1" 200 785
[15/Jun/2026 12:51:37] "GET /api/bikes/ HTTP/1.1" 200 837
[15/Jun/2026 12:51:52] "GET /api/bikes/4/image/rc_photo/ HTTP/1.1" 200 171988
[15/Jun/2026 12:51:57] "GET /api/bikes/4/image/pollution_photo/ HTTP/1.1" 200 43268
[15/Jun/2026 12:52:00] "GET /api/bikes/4/image/seller_photo/ HTTP/1.1" 200 252297
[15/Jun/2026 12:52:04] "GET /api/bikes/4/image/buyer_photo/ HTTP/1.1" 200 252297
[15/Jun/2026 12:53:06] "GET /api/bikes/4/image/rc_photo/ HTTP/1.1" 200 171988
[15/Jun/2026 12:53:56] "GET /api/bikes/4/ HTTP/1.1" 200 785
[15/Jun/2026 12:53:56] "GET /api/bikes/4/ HTTP/1.1" 200 785
[15/Jun/2026 12:54:14] "GET /api/bikes/ HTTP/1.1" 200 837
[15/Jun/2026 12:55:13] "GET /api/bikes/4/image/seller_photo/ HTTP/1.1" 200 252297
[15/Jun/2026 12:56:44] "GET /api/bikes/4/image/rc_photo/ HTTP/1.1" 200 171988
[15/Jun/2026 12:57:03] "GET /api/bikes/4/image/pollution_photo/ HTTP/1.1" 200 43268
[15/Jun/2026 12:57:17] "GET /api/bikes/4/image/seller_photo/ HTTP/1.1" 200 252297
[15/Jun/2026 12:59:20] "GET /api/bikes/ HTTP/1.1" 200 837
[15/Jun/2026 13:00:19] "GET /api/bikes/ HTTP/1.1" 200 837
[15/Jun/2026 13:00:21] "GET /api/bikes/ HTTP/1.1" 200 837
[15/Jun/2026 13:09:15] "GET /api/bikes/ HTTP/1.1" 200 837
[15/Jun/2026 13:13:24] "GET /api/bikes/ HTTP/1.1" 200 837
[15/Jun/2026 13:13:43] "GET /api/bikes/ HTTP/1.1" 200 837
Unauthorized: /api/bikes/
[15/Jun/2026 13:14:00] "GET /api/bikes/ HTTP/1.1" 401 183
[15/Jun/2026 13:14:00] "POST /api/auth/refresh/ HTTP/1.1" 200 483
[15/Jun/2026 13:14:00] "GET /api/bikes/ HTTP/1.1" 200 837
[15/Jun/2026 13:14:18] "GET /api/bikes/ HTTP/1.1" 200 837
[15/Jun/2026 13:15:02] "GET /api/bikes/ HTTP/1.1" 200 837
[15/Jun/2026 13:15:19] "GET /api/bikes/?search=%20skxa HTTP/1.1" 200 52
[15/Jun/2026 13:15:21] "GET /api/bikes/?search=%20skx HTTP/1.1" 200 52
[15/Jun/2026 13:15:22] "GET /api/bikes/ HTTP/1.1" 200 837
[15/Jun/2026 13:15:23] "GET /api/bikes/?search=r HTTP/1.1" 200 837
[15/Jun/2026 13:15:23] "GET /api/bikes/?search=ra HTTP/1.1" 200 837
[15/Jun/2026 13:15:24] "GET /api/bikes/?search=rav HTTP/1.1" 200 837
[15/Jun/2026 13:15:25] "GET /api/bikes/?search=ravi HTTP/1.1" 200 837
[15/Jun/2026 13:15:26] "POST /api/bikes/smart-search/ HTTP/1.1" 200 853
[15/Jun/2026 13:15:30] "GET /api/bikes/?search=rav HTTP/1.1" 200 837
[15/Jun/2026 13:15:31] "GET /api/bikes/ HTTP/1.1" 200 837
[15/Jun/2026 13:15:36] "GET /api/bikes/?search=r HTTP/1.1" 200 837
[15/Jun/2026 13:15:37] "GET /api/bikes/?search=ramu HTTP/1.1" 200 837
[15/Jun/2026 13:15:39] "POST /api/bikes/smart-search/ HTTP/1.1" 200 853
[15/Jun/2026 13:24:24] "GET /api/bikes/ HTTP/1.1" 200 837
Unauthorized: /api/bikes/
[15/Jun/2026 13:40:30] "GET /api/bikes/ HTTP/1.1" 401 183
[15/Jun/2026 13:40:30] "POST /api/auth/refresh/ HTTP/1.1" 200 483
[15/Jun/2026 13:40:30] "GET /api/bikes/ HTTP/1.1" 200 837
[15/Jun/2026 13:40:51] "GET /api/bikes/ HTTP/1.1" 200 837
Unauthorized: /api/bikes/
[15/Jun/2026 15:02:30] "GET /api/bikes/ HTTP/1.1" 401 183
[15/Jun/2026 15:02:30] "POST /api/auth/refresh/ HTTP/1.1" 200 483
[15/Jun/2026 15:02:30] "GET /api/bikes/ HTTP/1.1" 200 837
[15/Jun/2026 15:02:41] "GET /api/bikes/ HTTP/1.1" 200 837
[15/Jun/2026 15:02:43] "GET /api/bikes/ HTTP/1.1" 200 837
[15/Jun/2026 15:03:27] "GET /api/bikes/ HTTP/1.1" 200 837
[15/Jun/2026 15:03:28] "GET /api/bikes/ HTTP/1.1" 200 837
[15/Jun/2026 15:04:26] "GET /api/bikes/ HTTP/1.1" 200 837
[15/Jun/2026 15:04:33] "GET /api/bikes/ HTTP/1.1" 200 837
[15/Jun/2026 15:04:38] "GET /api/bikes/ HTTP/1.1" 200 837
[15/Jun/2026 15:04:44] "GET /api/bikes/4/image/rc_photo/ HTTP/1.1" 200 171988
[15/Jun/2026 15:04:47] "GET /api/bikes/4/image/insurance_photo/ HTTP/1.1" 200 252297
[15/Jun/2026 15:11:27] "GET /api/bikes/ HTTP/1.1" 200 837
[15/Jun/2026 15:11:40] "GET /api/bikes/4/image/rc_photo/ HTTP/1.1" 200 171988
[15/Jun/2026 15:11:44] "GET /api/bikes/4/image/insurance_photo/ HTTP/1.1" 200 252297
[15/Jun/2026 15:11:47] "GET /api/bikes/4/image/pollution_photo/ HTTP/1.1" 200 43268
[15/Jun/2026 15:11:50] "GET /api/bikes/4/image/seller_photo/ HTTP/1.1" 200 252297
[15/Jun/2026 15:11:56] "GET /api/bikes/4/image/buyer_photo/ HTTP/1.1" 200 252297
[15/Jun/2026 15:12:13] "GET /api/bikes/4/ HTTP/1.1" 200 785
[15/Jun/2026 15:12:13] "GET /api/bikes/4/ HTTP/1.1" 200 785
Unauthorized: /api/auth/login/
[15/Jun/2026 15:12:37] "POST /api/auth/login/ HTTP/1.1" 401 63
Unauthorized: /api/auth/login/
[15/Jun/2026 15:13:35] "POST /api/auth/login/ HTTP/1.1" 401 63
Unauthorized: /api/auth/login/
[15/Jun/2026 15:13:45] "POST /api/auth/login/ HTTP/1.1" 401 63
[15/Jun/2026 15:13:57] "POST /api/auth/login/ HTTP/1.1" 200 560
[15/Jun/2026 15:13:58] "GET /api/bikes/ HTTP/1.1" 200 837
[15/Jun/2026 15:15:55] "GET /api/bikes/ HTTP/1.1" 200 837
[15/Jun/2026 15:16:39] "GET /api/bikes/ HTTP/1.1" 200 837
[15/Jun/2026 15:20:13] "GET /api/bikes/ HTTP/1.1" 200 837
[15/Jun/2026 15:25:10] "GET /api/bikes/ HTTP/1.1" 200 837
[15/Jun/2026 15:25:16] "GET /api/bikes/ HTTP/1.1" 200 837
[15/Jun/2026 15:25:19] "GET /api/bikes/ HTTP/1.1" 200 837
Unauthorized: /api/bikes/
[17/Jun/2026 09:55:32] "GET /api/bikes/ HTTP/1.1" 401 183
[17/Jun/2026 09:55:32] "POST /api/auth/refresh/ HTTP/1.1" 200 483
[17/Jun/2026 09:55:32] "GET /api/bikes/ HTTP/1.1" 200 837
[17/Jun/2026 09:55:33] "GET /api/bikes/ HTTP/1.1" 200 837
Unauthorized: /api/bikes/
[17/Jun/2026 09:55:45] "GET /api/bikes/ HTTP/1.1" 401 183
[17/Jun/2026 09:55:45] "POST /api/auth/refresh/ HTTP/1.1" 200 483
[17/Jun/2026 09:55:45] "GET /api/bikes/ HTTP/1.1" 200 837
[17/Jun/2026 09:56:05] "GET /api/bikes/ HTTP/1.1" 200 837
[17/Jun/2026 09:57:07] "GET /api/bikes/4/image/buyer_photo/ HTTP/1.1" 200 252297
[17/Jun/2026 09:57:09] "GET /api/bikes/4/image/seller_photo/ HTTP/1.1" 200 252297
[17/Jun/2026 09:57:34] "GET /api/bikes/4/ HTTP/1.1" 200 785
[17/Jun/2026 09:57:34] "GET /api/bikes/4/ HTTP/1.1" 200 785
[17/Jun/2026 09:57:54] "PATCH /api/bikes/4/ HTTP/1.1" 200 801
[17/Jun/2026 09:57:54] "GET /api/bikes/ HTTP/1.1" 200 853
[17/Jun/2026 10:00:19] "GET /api/bikes/ HTTP/1.1" 200 853
[17/Jun/2026 10:00:25] "GET /api/bikes/4/ HTTP/1.1" 200 801
[17/Jun/2026 10:00:25] "GET /api/bikes/4/ HTTP/1.1" 200 801
[17/Jun/2026 10:00:35] "PATCH /api/bikes/4/ HTTP/1.1" 200 801
[17/Jun/2026 10:00:35] "GET /api/bikes/ HTTP/1.1" 200 853
[17/Jun/2026 10:01:17] "POST /api/bikes/smart-search/ HTTP/1.1" 200 878
[17/Jun/2026 10:01:29] "GET /api/bikes/?search=AP%2016%20DJ%2060 HTTP/1.1" 200 52
[17/Jun/2026 10:01:30] "GET /api/bikes/?search=AP%2016%20DJ%206078 HTTP/1.1" 200 52
[17/Jun/2026 10:01:31] "POST /api/bikes/smart-search/ HTTP/1.1" 200 878
[17/Jun/2026 10:01:37] "GET /api/bikes/?search=AP%2016%20DJ%206 HTTP/1.1" 200 52
[17/Jun/2026 10:01:38] "GET /api/bikes/ HTTP/1.1" 200 853
[17/Jun/2026 10:01:43] "GET /api/bikes/?search=ravi HTTP/1.1" 200 853
[17/Jun/2026 10:01:45] "POST /api/bikes/smart-search/ HTTP/1.1" 200 869
[17/Jun/2026 10:01:54] "GET /api/bikes/ HTTP/1.1" 200 853
[17/Jun/2026 10:01:55] "GET /api/bikes/?search=siddu HTTP/1.1" 200 52
[17/Jun/2026 10:01:55] "POST /api/bikes/smart-search/ HTTP/1.1" 200 69
[17/Jun/2026 10:03:14] "GET /api/bikes/ HTTP/1.1" 200 853
[17/Jun/2026 10:03:41] "GET /api/bikes/ HTTP/1.1" 200 853
[17/Jun/2026 10:04:29] "POST /api/bikes/smart-search/ HTTP/1.1" 200 76
[17/Jun/2026 10:04:37] "POST /api/bikes/smart-search/ HTTP/1.1" 200 76
[17/Jun/2026 10:04:41] "POST /api/bikes/smart-search/ HTTP/1.1" 200 76
[17/Jun/2026 10:04:43] "GET /api/bikes/?search=focal%20lengt HTTP/1.1" 200 52
[17/Jun/2026 10:04:44] "GET /api/bikes/ HTTP/1.1" 200 853
[17/Jun/2026 10:05:09] "POST /api/bikes/smart-search/ HTTP/1.1" 200 77
[17/Jun/2026 10:05:48] "GET /api/bikes/ HTTP/1.1" 200 853
[17/Jun/2026 10:06:19] "GET /api/bikes/4/image/seller_photo/ HTTP/1.1" 200 252297
[17/Jun/2026 10:06:23] "GET /api/bikes/4/image/seller_photo/ HTTP/1.1" 200 252297
[17/Jun/2026 10:07:32] "GET /api/bikes/?search=d HTTP/1.1" 200 853
[17/Jun/2026 10:07:34] "GET /api/bikes/ HTTP/1.1" 200 853
[17/Jun/2026 10:09:10] "GET /api/bikes/ HTTP/1.1" 200 853
[17/Jun/2026 10:11:52] "GET /api/bikes/4/image/insurance_photo/ HTTP/1.1" 200 252297
[17/Jun/2026 10:12:53] "GET /api/bikes/4/image/rc_photo/ HTTP/1.1" 200 171988
[17/Jun/2026 10:15:04] "GET /api/bikes/ HTTP/1.1" 200 853
[17/Jun/2026 10:15:15] "GET /api/bikes/ HTTP/1.1" 200 853
[17/Jun/2026 10:15:18] "GET /api/bikes/ HTTP/1.1" 200 853
[17/Jun/2026 10:15:21] "GET /api/bikes/ HTTP/1.1" 200 853
[17/Jun/2026 10:15:23] "GET /api/bikes/ HTTP/1.1" 200 853
[17/Jun/2026 10:15:48] "GET /api/bikes/ HTTP/1.1" 200 853
[17/Jun/2026 10:15:49] "GET /api/bikes/ HTTP/1.1" 200 853
Unauthorized: /api/bikes/
[17/Jun/2026 18:16:15] "GET /api/bikes/ HTTP/1.1" 401 183
[17/Jun/2026 18:16:15] "POST /api/auth/refresh/ HTTP/1.1" 200 483
[17/Jun/2026 18:16:15] "GET /api/bikes/ HTTP/1.1" 200 853
Unauthorized: /api/bikes/
[17/Jun/2026 18:16:59] "GET /api/bikes/ HTTP/1.1" 401 183
[17/Jun/2026 18:16:59] "POST /api/auth/refresh/ HTTP/1.1" 200 483
[17/Jun/2026 18:16:59] "GET /api/bikes/ HTTP/1.1" 200 853
[17/Jun/2026 18:17:02] "GET /api/bikes/ HTTP/1.1" 200 853
[17/Jun/2026 18:17:03] "GET /api/bikes/ HTTP/1.1" 200 853
[17/Jun/2026 18:17:14] "GET /api/bikes/ HTTP/1.1" 200 853
[17/Jun/2026 18:17:22] "GET /api/bikes/ HTTP/1.1" 200 853
[17/Jun/2026 18:17:40] "GET /api/bikes/ HTTP/1.1" 200 853
[17/Jun/2026 18:20:42] "GET /api/bikes/ HTTP/1.1" 200 853
[17/Jun/2026 18:36:21] "GET /api/bikes/ HTTP/1.1" 200 853
[17/Jun/2026 18:38:11] "GET /api/bikes/ HTTP/1.1" 200 853
[17/Jun/2026 18:38:21] "GET /api/bikes/ HTTP/1.1" 200 853
[17/Jun/2026 18:46:10] "GET /api/bikes/ HTTP/1.1" 200 853
Unauthorized: /api/bikes/
[17/Jun/2026 18:53:57] "GET /api/bikes/ HTTP/1.1" 401 183
[17/Jun/2026 18:53:57] "POST /api/auth/refresh/ HTTP/1.1" 200 483
[17/Jun/2026 18:53:57] "GET /api/bikes/ HTTP/1.1" 200 853
[17/Jun/2026 18:54:05] "GET /api/bikes/ HTTP/1.1" 200 853
[17/Jun/2026 19:06:43] "GET /api/bikes/ HTTP/1.1" 200 853
[17/Jun/2026 19:07:11] "GET /api/bikes/ HTTP/1.1" 200 853
[17/Jun/2026 19:08:06] "GET /api/bikes/ HTTP/1.1" 200 853
Unauthorized: /api/bikes/
[17/Jun/2026 20:08:07] "GET /api/bikes/ HTTP/1.1" 401 183
[17/Jun/2026 20:08:07] "POST /api/auth/refresh/ HTTP/1.1" 200 483
[17/Jun/2026 20:08:07] "GET /api/bikes/ HTTP/1.1" 200 853
[17/Jun/2026 20:08:26] "GET /api/bikes/ HTTP/1.1" 200 853
[17/Jun/2026 20:20:42] "GET /api/bikes/ HTTP/1.1" 200 853
[17/Jun/2026 20:20:51] "GET /api/bikes/ HTTP/1.1" 200 853
[17/Jun/2026 20:30:59] "GET /api/bikes/ HTTP/1.1" 200 853
[17/Jun/2026 20:31:25] "GET /api/bikes/4/image/rc_photo/ HTTP/1.1" 200 171988
[17/Jun/2026 20:31:28] "GET /api/bikes/4/image/insurance_photo/ HTTP/1.1" 200 252297
[17/Jun/2026 20:31:29] "GET /api/bikes/4/image/pollution_photo/ HTTP/1.1" 200 43268
[17/Jun/2026 20:31:31] "GET /api/bikes/4/image/buyer_photo/ HTTP/1.1" 200 252297
[17/Jun/2026 20:31:33] "GET /api/bikes/4/image/seller_photo/ HTTP/1.1" 200 252297
Unauthorized: /api/bikes/
[17/Jun/2026 20:38:29] "POST /api/bikes/ HTTP/1.1" 401 183
[17/Jun/2026 20:38:29] "POST /api/auth/refresh/ HTTP/1.1" 200 483
Bad Request: /api/bikes/
[17/Jun/2026 20:38:29] "POST /api/bikes/ HTTP/1.1" 400 212
[17/Jun/2026 20:38:49] "GET /api/bikes/ HTTP/1.1" 200 853
[17/Jun/2026 20:39:42] "GET /api/bikes/ HTTP/1.1" 200 853
[17/Jun/2026 20:40:28] "GET /api/bikes/ HTTP/1.1" 200 853
[17/Jun/2026 20:42:52] "GET /api/bikes/4/ HTTP/1.1" 200 801
[17/Jun/2026 20:42:52] "GET /api/bikes/4/ HTTP/1.1" 200 801
[17/Jun/2026 20:42:55] "GET /api/bikes/ HTTP/1.1" 200 853
[17/Jun/2026 20:42:57] "GET /api/bikes/4/ HTTP/1.1" 200 801
[17/Jun/2026 20:42:57] "GET /api/bikes/4/ HTTP/1.1" 200 801
Bad Request: /api/bikes/4/
[17/Jun/2026 20:43:08] "PATCH /api/bikes/4/ HTTP/1.1" 400 48
[17/Jun/2026 20:43:17] "GET /api/bikes/ HTTP/1.1" 200 853
[17/Jun/2026 20:43:21] "DELETE /api/bikes/4/ HTTP/1.1" 204 0
[17/Jun/2026 20:43:21] "GET /api/bikes/ HTTP/1.1" 200 52
Bad Request: /api/bikes/
[17/Jun/2026 20:44:21] "POST /api/bikes/ HTTP/1.1" 400 131
Bad Request: /api/bikes/
[17/Jun/2026 20:46:30] "POST /api/bikes/ HTTP/1.1" 400 259
Bad Request: /api/bikes/
[17/Jun/2026 20:46:53] "POST /api/bikes/ HTTP/1.1" 400 259
[17/Jun/2026 21:05:06] "GET /api/bikes/ HTTP/1.1" 200 52
Unauthorized: /api/bikes/
[17/Jun/2026 21:18:53] "GET /api/bikes/ HTTP/1.1" 401 183
[17/Jun/2026 21:18:53] "POST /api/auth/refresh/ HTTP/1.1" 200 483
[17/Jun/2026 21:18:53] "GET /api/bikes/ HTTP/1.1" 200 52
Bad Request: /api/bikes/
[17/Jun/2026 21:24:46] "POST /api/bikes/ HTTP/1.1" 400 259
Bad Request: /api/bikes/
[17/Jun/2026 21:27:29] "POST /api/bikes/ HTTP/1.1" 400 305
Not Found: /
[17/Jun/2026 21:27:36] "GET / HTTP/1.1" 404 2289
Unauthorized: /api/auth/login/
[17/Jun/2026 21:29:16] "POST /api/auth/login/ HTTP/1.1" 401 63
Unauthorized: /api/auth/login/
[17/Jun/2026 21:29:27] "POST /api/auth/login/ HTTP/1.1" 401 63
Unauthorized: /api/auth/login/
[17/Jun/2026 21:29:40] "POST /api/auth/login/ HTTP/1.1" 401 63
Unauthorized: /api/auth/login/
[17/Jun/2026 21:30:16] "POST /api/auth/login/ HTTP/1.1" 401 63
Unauthorized: /api/auth/login/
[17/Jun/2026 21:30:39] "POST /api/auth/login/ HTTP/1.1" 401 63
[17/Jun/2026 21:30:46] "GET /api/bikes/ HTTP/1.1" 200 52
Bad Request: /api/bikes/
[17/Jun/2026 21:30:59] "POST /api/bikes/ HTTP/1.1" 400 305
Bad Request: /api/bikes/
[17/Jun/2026 21:34:10] "POST /api/bikes/ HTTP/1.1" 400 305
[17/Jun/2026 21:36:50] "GET /admin/ HTTP/1.1" 302 0
[17/Jun/2026 21:36:51] "GET /admin/login/?next=/admin/ HTTP/1.1" 200 4187
[17/Jun/2026 21:36:51] "GET /static/admin/css/base.css HTTP/1.1" 200 21310
[17/Jun/2026 21:36:51] "GET /static/admin/css/dark_mode.css HTTP/1.1" 200 2929
[17/Jun/2026 21:36:51] "GET /static/admin/css/nav_sidebar.css HTTP/1.1" 200 2694
[17/Jun/2026 21:36:51] "GET /static/admin/css/login.css HTTP/1.1" 200 958
[17/Jun/2026 21:36:51] "GET /static/admin/css/responsive.css HTTP/1.1" 200 18559
[17/Jun/2026 21:36:51] "GET /static/admin/js/nav_sidebar.js HTTP/1.1" 200 3063
[17/Jun/2026 21:36:51] "GET /static/admin/js/theme.js HTTP/1.1" 200 1943
Not Found: /favicon.ico
[17/Jun/2026 21:36:51] "GET /favicon.ico HTTP/1.1" 404 2340
[17/Jun/2026 21:37:25] "POST /admin/login/?next=/admin/ HTTP/1.1" 200 4366
[17/Jun/2026 21:37:34] "POST /admin/login/?next=/admin/ HTTP/1.1" 200 4366
[17/Jun/2026 21:37:47] "POST /admin/login/?next=/admin/ HTTP/1.1" 200 4366
[17/Jun/2026 21:38:05] "POST /admin/login/?next=/admin/ HTTP/1.1" 200 4372
[17/Jun/2026 21:45:02] "POST /api/auth/login/ HTTP/1.1" 200 594
[17/Jun/2026 21:45:02] "GET /api/bikes/ HTTP/1.1" 200 52
Bad Request: /api/bikes/
[17/Jun/2026 21:46:30] "POST /api/bikes/ HTTP/1.1" 400 305
Bad Request: /api/bikes/
[17/Jun/2026 21:47:01] "POST /api/bikes/ HTTP/1.1" 400 305
[17/Jun/2026 21:47:21] "GET /admin/ HTTP/1.1" 302 0
[17/Jun/2026 21:47:21] "GET /admin/login/?next=/admin/ HTTP/1.1" 200 4187
Not Found: /favicon.ico
[17/Jun/2026 21:47:21] "GET /favicon.ico HTTP/1.1" 404 2340
[17/Jun/2026 21:47:39] "POST /admin/login/?next=/admin/ HTTP/1.1" 302 0
[17/Jun/2026 21:47:39] "GET /admin/ HTTP/1.1" 200 10037
[17/Jun/2026 21:47:39] "GET /static/admin/css/dashboard.css HTTP/1.1" 200 441
[17/Jun/2026 21:47:39] "GET /static/admin/img/icon-changelink.svg HTTP/1.1" 200 380
[17/Jun/2026 21:47:39] "GET /static/admin/img/icon-addlink.svg HTTP/1.1" 200 331
Not Found: /
[17/Jun/2026 21:54:03] "GET / HTTP/1.1" 404 2289
[17/Jun/2026 21:54:26] "GET /api/bikes/ HTTP/1.1" 200 52
[17/Jun/2026 21:54:34] "GET /api/bikes/ HTTP/1.1" 200 52
[17/Jun/2026 21:54:34] "GET /api/bikes/ HTTP/1.1" 200 52
[17/Jun/2026 21:55:27] "POST /api/auth/login/ HTTP/1.1" 200 588
[17/Jun/2026 21:55:27] "GET /api/bikes/ HTTP/1.1" 200 52
Bad Request: /api/bikes/
[17/Jun/2026 21:56:28] "POST /api/bikes/ HTTP/1.1" 400 305
Not Found: /
[17/Jun/2026 21:58:46] "GET / HTTP/1.1" 404 2289
[17/Jun/2026 21:58:54] "GET /api/bikes/ HTTP/1.1" 200 52
[17/Jun/2026 21:58:55] "GET /api/bikes/ HTTP/1.1" 200 52
Bad Request: /api/bikes/
[17/Jun/2026 21:59:05] "POST /api/bikes/ HTTP/1.1" 400 305
Bad Request: /api/bikes/
[17/Jun/2026 22:02:13] "POST /api/bikes/ HTTP/1.1" 400 305
Unauthorized: /api/auth/login/
[17/Jun/2026 22:10:23] "POST /api/auth/login/ HTTP/1.1" 401 63
[17/Jun/2026 22:10:33] "POST /api/auth/login/ HTTP/1.1" 200 588
[17/Jun/2026 22:10:33] "GET /api/bikes/ HTTP/1.1" 200 52
Not Found: /
[17/Jun/2026 22:14:09] "GET / HTTP/1.1" 404 2289
Bad Request: /api/bikes/
[17/Jun/2026 22:14:22] "POST /api/bikes/ HTTP/1.1" 400 305
[17/Jun/2026 22:14:26] "GET /api/bikes/ HTTP/1.1" 200 52
Bad Request: /api/bikes/
[17/Jun/2026 22:14:35] "POST /api/bikes/ HTTP/1.1" 400 305
Unauthorized: /api/bikes/
[17/Jun/2026 22:15:07] "POST /api/bikes/ HTTP/1.1" 401 183
[17/Jun/2026 22:15:07] "POST /api/auth/refresh/ HTTP/1.1" 200 483
Bad Request: /api/bikes/
[17/Jun/2026 22:15:07] "POST /api/bikes/ HTTP/1.1" 400 305
Unauthorized: /api/bikes/
[17/Jun/2026 22:22:13] "POST /api/bikes/ HTTP/1.1" 401 183
[17/Jun/2026 22:22:13] "POST /api/auth/refresh/ HTTP/1.1" 200 483
Bad Request: /api/bikes/
[17/Jun/2026 22:22:13] "POST /api/bikes/ HTTP/1.1" 400 305
Not Found: /
[17/Jun/2026 22:25:17] "GET / HTTP/1.1" 404 2289
Bad Request: /api/bikes/
[17/Jun/2026 22:25:35] "POST /api/bikes/ HTTP/1.1" 400 305
Bad Request: /api/bikes/
[17/Jun/2026 22:25:47] "POST /api/bikes/ HTTP/1.1" 400 305
